<?xml version="1.0" encoding="UTF-8"?>
<!-- Generated by org.testng.reporters.JUnitReportReporter -->
<testsuite hostname="DESKTOP-VNA3RTH" failures="0" tests="1" name="ucsc.automation.katalon.Test001" time="5.710" errors="0" timestamp="2022-07-03T14:04:18 IST" skipped="0">
  <testcase classname="ucsc.automation.katalon.Test001" name="testUntitledTestCase" time="5.710"/>
  <system-out/>
</testsuite> <!-- ucsc.automation.katalon.Test001 -->
