<?xml version="1.0" encoding="UTF-8"?>
<!-- Generated by org.testng.reporters.JUnitReportReporter -->
<testsuite hostname="DESKTOP-VNA3RTH" failures="0" tests="1" name="ucsc.automation.katalon.Test002" time="5.264" errors="0" timestamp="2022-07-03T14:01:38 IST" skipped="0">
  <testcase classname="ucsc.automation.katalon.Test002" name="testUntitledTestCase" time="5.264"/>
  <system-out/>
</testsuite> <!-- ucsc.automation.katalon.Test002 -->
